2017-10-20 19:54:46.075 [main] DEBUG org.jboss.logging - Logging Provider: org.jboss.logging.Log4j2LoggerProvider
2017-10-20 19:54:46.080 [main] INFO  org.hibernate.validator.internal.util.Version - HV000001: Hibernate Validator 5.3.3.Final
2017-10-20 19:54:46.127 [main] DEBUG org.hibernate.validator.internal.engine.resolver.DefaultTraversableResolver - Found javax.persistence.Persistence on classpath containing 'getPersistenceUtil'. Assuming JPA 2 environment. Trying to instantiate JPA aware TraversableResolver
2017-10-20 19:54:46.130 [main] DEBUG org.hibernate.validator.internal.engine.resolver.DefaultTraversableResolver - Instantiated JPA aware TraversableResolver of type org.hibernate.validator.internal.engine.resolver.JPATraversableResolver.
2017-10-20 19:54:46.137 [main] DEBUG org.hibernate.validator.internal.xml.ValidationXmlParser - Trying to load META-INF/validation.xml for XML based Validator configuration.
2017-10-20 19:54:46.142 [main] DEBUG org.hibernate.validator.internal.xml.ResourceLoaderHelper - Trying to load META-INF/validation.xml via TCCL
2017-10-20 19:54:46.143 [main] DEBUG org.hibernate.validator.internal.xml.ResourceLoaderHelper - Trying to load META-INF/validation.xml via Hibernate Validator's class loader
2017-10-20 19:54:46.144 [main] DEBUG org.hibernate.validator.internal.xml.ValidationXmlParser - No META-INF/validation.xml found. Using annotation based configuration only.
2017-10-20 19:55:05.046 [Thread-3] DEBUG rest.impl.JettyRestServer - HTTPS context
2017-10-20 19:55:34.359 [qtp1884113760-52] DEBUG org.hibernate.validator.internal.engine.resolver.DefaultTraversableResolver - Found javax.persistence.Persistence on classpath containing 'getPersistenceUtil'. Assuming JPA 2 environment. Trying to instantiate JPA aware TraversableResolver
2017-10-20 19:55:34.360 [qtp1884113760-52] DEBUG org.hibernate.validator.internal.engine.resolver.DefaultTraversableResolver - Instantiated JPA aware TraversableResolver of type org.hibernate.validator.internal.engine.resolver.JPATraversableResolver.
2017-10-20 19:55:34.360 [qtp1884113760-52] DEBUG org.hibernate.validator.internal.xml.ValidationXmlParser - Trying to load META-INF/validation.xml for XML based Validator configuration.
2017-10-20 19:55:34.360 [qtp1884113760-52] DEBUG org.hibernate.validator.internal.xml.ResourceLoaderHelper - Trying to load META-INF/validation.xml via TCCL
2017-10-20 19:55:34.361 [qtp1884113760-52] DEBUG org.hibernate.validator.internal.xml.ResourceLoaderHelper - Trying to load META-INF/validation.xml via Hibernate Validator's class loader
2017-10-20 19:55:34.361 [qtp1884113760-52] DEBUG org.hibernate.validator.internal.xml.ValidationXmlParser - No META-INF/validation.xml found. Using annotation based configuration only.
2017-10-20 19:55:35.613 [qtp1884113760-52] INFO  network.impl.jxta.JxtaAdvertisement - Adv : 
<?xml version="1.0" encoding="UTF-8"?>
<user><advertisementClass>network.impl.advertisement.UserAdvertisement</advertisementClass><nick>Raphael</nick><pbkey>17058549491506747893114964978717693322471863205962218191039007450143022619297255448859597957601368814767359038705448715630460779424905262828595268737778101237376800830944149717044573977478138703893553622959424785999534614713537903361819077709631932510963232362798144275345526625089902560820877786558857127386</pbkey></user>

2017-10-20 19:55:35.621 [qtp1884113760-52] INFO  network.impl.jxta.JxtaAdvertisement - <?xml version="1.0"?>
<!DOCTYPE jxta:network.impl.jxta.AdvertisementBridge>
<jxta:network.impl.jxta.AdvertisementBridge xmlns:jxta="http://jxta.org">
	
	<advertisementClass>
		network.impl.advertisement.UserAdvertisement
	</advertisementClass>
	<nick>
		Raphael
	</nick>
	<pbkey>
		17058549491506747893114964978717693322471863205962218191039007450143022619297255448859597957601368814767359038705448715630460779424905262828595268737778101237376800830944149717044573977478138703893553622959424785999534614713537903361819077709631932510963232362798144275345526625089902560820877786558857127386
	</pbkey>
</jxta:network.impl.jxta.AdvertisementBridge>

2017-10-20 19:55:35.636 [qtp1884113760-52] INFO  network.impl.jxta.JxtaAdvertisement - <?xml version="1.0"?>
<!DOCTYPE jxta:network.impl.jxta.AdvertisementBridge>
<jxta:network.impl.jxta.AdvertisementBridge xmlns:jxta="http://jxta.org">
	
	<advertisementClass>
		network.impl.advertisement.UserAdvertisement
	</advertisementClass>
	<nick>
		Raphael
	</nick>
	<pbkey>
		17058549491506747893114964978717693322471863205962218191039007450143022619297255448859597957601368814767359038705448715630460779424905262828595268737778101237376800830944149717044573977478138703893553622959424785999534614713537903361819077709631932510963232362798144275345526625089902560820877786558857127386
	</pbkey>
</jxta:network.impl.jxta.AdvertisementBridge>

2017-10-20 19:55:35.642 [qtp1884113760-52] DEBUG org.hibernate.validator.internal.engine.resolver.DefaultTraversableResolver - Found javax.persistence.Persistence on classpath containing 'getPersistenceUtil'. Assuming JPA 2 environment. Trying to instantiate JPA aware TraversableResolver
2017-10-20 19:55:35.642 [qtp1884113760-52] DEBUG org.hibernate.validator.internal.engine.resolver.DefaultTraversableResolver - Instantiated JPA aware TraversableResolver of type org.hibernate.validator.internal.engine.resolver.JPATraversableResolver.
2017-10-20 19:55:35.642 [qtp1884113760-52] DEBUG org.hibernate.validator.internal.xml.ValidationXmlParser - Trying to load META-INF/validation.xml for XML based Validator configuration.
2017-10-20 19:55:35.643 [qtp1884113760-52] DEBUG org.hibernate.validator.internal.xml.ResourceLoaderHelper - Trying to load META-INF/validation.xml via TCCL
2017-10-20 19:55:35.643 [qtp1884113760-52] DEBUG org.hibernate.validator.internal.xml.ResourceLoaderHelper - Trying to load META-INF/validation.xml via Hibernate Validator's class loader
2017-10-20 19:55:35.643 [qtp1884113760-52] DEBUG org.hibernate.validator.internal.xml.ValidationXmlParser - No META-INF/validation.xml found. Using annotation based configuration only.
2017-10-20 19:55:55.097 [qtp1884113760-45] INFO  network.impl.jxta.JxtaAdvertisement - Adv : 
<?xml version="1.0" encoding="UTF-8"?>
<item><advertisementClass>network.impl.advertisement.ItemAdvertisement</advertisementClass><title>Banane</title></item>

2017-10-20 19:55:55.098 [qtp1884113760-45] INFO  network.impl.jxta.JxtaAdvertisement - <?xml version="1.0"?>
<!DOCTYPE jxta:network.impl.jxta.AdvertisementBridge>
<jxta:network.impl.jxta.AdvertisementBridge xmlns:jxta="http://jxta.org">
	
	<advertisementClass>
		network.impl.advertisement.ItemAdvertisement
	</advertisementClass>
	<title>
		Banane
	</title>
</jxta:network.impl.jxta.AdvertisementBridge>

2017-10-20 19:55:55.106 [qtp1884113760-45] INFO  network.impl.jxta.JxtaAdvertisement - <?xml version="1.0"?>
<!DOCTYPE jxta:network.impl.jxta.AdvertisementBridge>
<jxta:network.impl.jxta.AdvertisementBridge xmlns:jxta="http://jxta.org">
	
	<advertisementClass>
		network.impl.advertisement.ItemAdvertisement
	</advertisementClass>
	<title>
		Banane
	</title>
</jxta:network.impl.jxta.AdvertisementBridge>

2017-10-20 19:55:55.115 [qtp1884113760-45] DEBUG org.hibernate.validator.internal.engine.resolver.DefaultTraversableResolver - Found javax.persistence.Persistence on classpath containing 'getPersistenceUtil'. Assuming JPA 2 environment. Trying to instantiate JPA aware TraversableResolver
2017-10-20 19:55:55.115 [qtp1884113760-45] DEBUG org.hibernate.validator.internal.engine.resolver.DefaultTraversableResolver - Instantiated JPA aware TraversableResolver of type org.hibernate.validator.internal.engine.resolver.JPATraversableResolver.
2017-10-20 19:55:55.115 [qtp1884113760-45] DEBUG org.hibernate.validator.internal.xml.ValidationXmlParser - Trying to load META-INF/validation.xml for XML based Validator configuration.
2017-10-20 19:55:55.115 [qtp1884113760-45] DEBUG org.hibernate.validator.internal.xml.ResourceLoaderHelper - Trying to load META-INF/validation.xml via TCCL
2017-10-20 19:55:55.116 [qtp1884113760-45] DEBUG org.hibernate.validator.internal.xml.ResourceLoaderHelper - Trying to load META-INF/validation.xml via Hibernate Validator's class loader
2017-10-20 19:55:55.116 [qtp1884113760-45] DEBUG org.hibernate.validator.internal.xml.ValidationXmlParser - No META-INF/validation.xml found. Using annotation based configuration only.
